<?xml version="1.0" ?>
<!DOCTYPE coverage SYSTEM "http://cobertura.sourceforge.net/xml/coverage-04.dtd">
<coverage lines-valid="159" lines-covered="141" line-rate="0.8867" branches-valid="96" branches-covered="67" branch-rate="0.6979000000000001" timestamp="1762785096314" complexity="0" version="0.1">
  <sources>
    <source>C:/Escritorio/azure/api_ecommerce/frontend</source>
  </sources>
  <packages>
    <package name="components" line-rate="0.7306999999999999" branch-rate="0.6">
      <classes>
        <class name="Navbar.jsx" filename="src\components\Navbar.jsx" line-rate="0.7272" branch-rate="0.625">
          <methods>
            <method name="Navbar" hits="2" signature="()V">
              <lines>
                <line number="6" hits="2"/>
              </lines>
            </method>
            <method name="(anonymous_1)" hits="1" signature="()V">
              <lines>
                <line number="17" hits="1"/>
              </lines>
            </method>
            <method name="loadData" hits="1" signature="()V">
              <lines>
                <line number="18" hits="1"/>
              </lines>
            </method>
            <method name="(anonymous_3)" hits="0" signature="()V">
              <lines>
                <line number="29" hits="0"/>
              </lines>
            </method>
            <method name="(anonymous_4)" hits="0" signature="()V">
              <lines>
                <line number="35" hits="0"/>
              </lines>
            </method>
            <method name="(anonymous_5)" hits="4" signature="()V">
              <lines>
                <line number="71" hits="4"/>
              </lines>
            </method>
            <method name="(anonymous_6)" hits="0" signature="()V">
              <lines>
                <line number="91" hits="0"/>
              </lines>
            </method>
          </methods>
          <lines>
            <line number="7" hits="2" branch="false"/>
            <line number="8" hits="2" branch="false"/>
            <line number="9" hits="2" branch="false"/>
            <line number="10" hits="2" branch="false"/>
            <line number="12" hits="2" branch="false"/>
            <line number="17" hits="2" branch="false"/>
            <line number="19" hits="1" branch="false"/>
            <line number="20" hits="1" branch="false"/>
            <line number="21" hits="1" branch="false"/>
            <line number="22" hits="1" branch="false"/>
            <line number="23" hits="1" branch="true" condition-coverage="50% (1/2)"/>
            <line number="26" hits="1" branch="false"/>
            <line number="29" hits="2" branch="false"/>
            <line number="30" hits="0" branch="true" condition-coverage="0% (0/2)"/>
            <line number="31" hits="0" branch="false"/>
            <line number="35" hits="2" branch="false"/>
            <line number="36" hits="0" branch="false"/>
            <line number="37" hits="0" branch="false"/>
            <line number="38" hits="0" branch="false"/>
            <line number="41" hits="2" branch="false"/>
            <line number="72" hits="4" branch="false"/>
            <line number="91" hits="0" branch="false"/>
          </lines>
        </class>
        <class name="ProtectedRoute.jsx" filename="src\components\ProtectedRoute.jsx" line-rate="0.75" branch-rate="0.5">
          <methods>
            <method name="ProtectedRoute" hits="1" signature="()V">
              <lines>
                <line number="3" hits="1"/>
              </lines>
            </method>
          </methods>
          <lines>
            <line number="4" hits="1" branch="false"/>
            <line number="5" hits="1" branch="true" condition-coverage="50% (1/2)"/>
            <line number="6" hits="1" branch="false"/>
            <line number="8" hits="0" branch="false"/>
          </lines>
        </class>
      </classes>
    </package>
    <package name="pages" line-rate="0.8704999999999999" branch-rate="0.6938">
      <classes>
        <class name="Carrito.jsx" filename="src\pages\Carrito.jsx" line-rate="0.7585999999999999" branch-rate="0.6875">
          <methods>
            <method name="Carrito" hits="5" signature="()V">
              <lines>
                <line number="5" hits="5"/>
              </lines>
            </method>
            <method name="(anonymous_1)" hits="2" signature="()V">
              <lines>
                <line number="10" hits="2"/>
              </lines>
            </method>
            <method name="loadCart" hits="2" signature="()V">
              <lines>
                <line number="11" hits="2"/>
              </lines>
            </method>
            <method name="(anonymous_3)" hits="0" signature="()V">
              <lines>
                <line number="25" hits="0"/>
              </lines>
            </method>
            <method name="(anonymous_4)" hits="0" signature="()V">
              <lines>
                <line number="28" hits="0"/>
              </lines>
            </method>
            <method name="(anonymous_5)" hits="1" signature="()V">
              <lines>
                <line number="34" hits="1"/>
              </lines>
            </method>
            <method name="(anonymous_6)" hits="2" signature="()V">
              <lines>
                <line number="59" hits="2"/>
              </lines>
            </method>
            <method name="(anonymous_7)" hits="2" signature="()V">
              <lines>
                <line number="68" hits="2"/>
              </lines>
            </method>
            <method name="(anonymous_8)" hits="0" signature="()V">
              <lines>
                <line number="90" hits="0"/>
              </lines>
            </method>
          </methods>
          <lines>
            <line number="6" hits="5" branch="false"/>
            <line number="7" hits="5" branch="false"/>
            <line number="8" hits="5" branch="false"/>
            <line number="10" hits="5" branch="false"/>
            <line number="12" hits="2" branch="false"/>
            <line number="13" hits="2" branch="false"/>
            <line number="14" hits="2" branch="false"/>
            <line number="15" hits="2" branch="true" condition-coverage="50% (1/2)"/>
            <line number="17" hits="0" branch="false"/>
            <line number="19" hits="2" branch="false"/>
            <line number="22" hits="2" branch="false"/>
            <line number="25" hits="5" branch="false"/>
            <line number="26" hits="0" branch="false"/>
            <line number="27" hits="0" branch="false"/>
            <line number="28" hits="0" branch="false"/>
            <line number="30" hits="0" branch="false"/>
            <line number="34" hits="5" branch="false"/>
            <line number="35" hits="1" branch="false"/>
            <line number="36" hits="1" branch="false"/>
            <line number="37" hits="1" branch="false"/>
            <line number="39" hits="0" branch="false"/>
            <line number="43" hits="5" branch="true" condition-coverage="100% (2/2)"/>
            <line number="45" hits="3" branch="true" condition-coverage="100% (2/2)"/>
            <line number="46" hits="1" branch="false"/>
            <line number="58" hits="2" branch="false"/>
            <line number="59" hits="2" branch="true" condition-coverage="50% (2/4)"/>
            <line number="63" hits="2" branch="false"/>
            <line number="69" hits="2" branch="false"/>
            <line number="90" hits="0" branch="false"/>
          </lines>
        </class>
        <class name="Login.jsx" filename="src\pages\Login.jsx" line-rate="1" branch-rate="1">
          <methods>
            <method name="Login" hits="10" signature="()V">
              <lines>
                <line number="5" hits="10"/>
              </lines>
            </method>
            <method name="(anonymous_1)" hits="2" signature="()V">
              <lines>
                <line number="11" hits="2"/>
              </lines>
            </method>
            <method name="(anonymous_2)" hits="2" signature="()V">
              <lines>
                <line number="35" hits="2"/>
              </lines>
            </method>
            <method name="(anonymous_3)" hits="2" signature="()V">
              <lines>
                <line number="44" hits="2"/>
              </lines>
            </method>
          </methods>
          <lines>
            <line number="6" hits="10" branch="false"/>
            <line number="7" hits="10" branch="false"/>
            <line number="8" hits="10" branch="false"/>
            <line number="9" hits="10" branch="false"/>
            <line number="11" hits="10" branch="false"/>
            <line number="12" hits="2" branch="false"/>
            <line number="13" hits="2" branch="false"/>
            <line number="14" hits="2" branch="false"/>
            <line number="15" hits="2" branch="false"/>
            <line number="16" hits="1" branch="false"/>
            <line number="17" hits="1" branch="false"/>
            <line number="19" hits="1" branch="false"/>
            <line number="23" hits="10" branch="false"/>
            <line number="35" hits="2" branch="false"/>
            <line number="44" hits="2" branch="false"/>
          </lines>
        </class>
        <class name="Productos.jsx" filename="src\pages\Productos.jsx" line-rate="0.8928" branch-rate="0.6896">
          <methods>
            <method name="Productos" hits="2" signature="()V">
              <lines>
                <line number="8" hits="2"/>
              </lines>
            </method>
            <method name="(anonymous_1)" hits="1" signature="()V">
              <lines>
                <line number="20" hits="1"/>
              </lines>
            </method>
            <method name="(anonymous_2)" hits="1" signature="()V">
              <lines>
                <line number="30" hits="1"/>
              </lines>
            </method>
            <method name="cargar" hits="1" signature="()V">
              <lines>
                <line number="32" hits="1"/>
              </lines>
            </method>
            <method name="(anonymous_4)" hits="1" signature="()V">
              <lines>
                <line number="45" hits="1"/>
              </lines>
            </method>
            <method name="(anonymous_5)" hits="1" signature="()V">
              <lines>
                <line number="50" hits="1"/>
              </lines>
            </method>
            <method name="agregarAlCarrito" hits="1" signature="()V">
              <lines>
                <line number="56" hits="1"/>
              </lines>
            </method>
            <method name="(anonymous_7)" hits="1" signature="()V">
              <lines>
                <line number="108" hits="1"/>
              </lines>
            </method>
            <method name="(anonymous_8)" hits="1" signature="()V">
              <lines>
                <line number="138" hits="1"/>
              </lines>
            </method>
          </methods>
          <lines>
            <line number="9" hits="2" branch="false"/>
            <line number="10" hits="2" branch="false"/>
            <line number="11" hits="2" branch="false"/>
            <line number="12" hits="2" branch="false"/>
            <line number="15" hits="2" branch="false"/>
            <line number="16" hits="2" branch="true" condition-coverage="100% (2/2)"/>
            <line number="19" hits="2" branch="false"/>
            <line number="21" hits="1" branch="false"/>
            <line number="30" hits="2" branch="false"/>
            <line number="31" hits="1" branch="false"/>
            <line number="33" hits="1" branch="false"/>
            <line number="34" hits="1" branch="false"/>
            <line number="35" hits="1" branch="true" condition-coverage="50% (1/2)"/>
            <line number="36" hits="1" branch="true" condition-coverage="50% (1/2)"/>
            <line number="38" hits="0" branch="false"/>
            <line number="39" hits="0" branch="false"/>
            <line number="41" hits="1" branch="true" condition-coverage="50% (1/2)"/>
            <line number="44" hits="1" branch="false"/>
            <line number="45" hits="1" branch="false"/>
            <line number="49" hits="2" branch="false"/>
            <line number="51" hits="1" branch="true" condition-coverage="50% (1/2)"/>
            <line number="57" hits="1" branch="false"/>
            <line number="58" hits="1" branch="false"/>
            <line number="59" hits="1" branch="false"/>
            <line number="62" hits="0" branch="false"/>
            <line number="66" hits="2" branch="false"/>
            <line number="109" hits="1" branch="false"/>
            <line number="138" hits="1" branch="false"/>
          </lines>
        </class>
        <class name="Register.jsx" filename="src\pages\Register.jsx" line-rate="0.9229999999999999" branch-rate="0.5">
          <methods>
            <method name="Register" hits="5" signature="()V">
              <lines>
                <line number="5" hits="5"/>
              </lines>
            </method>
            <method name="(anonymous_1)" hits="3" signature="()V">
              <lines>
                <line number="14" hits="3"/>
              </lines>
            </method>
            <method name="(anonymous_2)" hits="1" signature="()V">
              <lines>
                <line number="18" hits="1"/>
              </lines>
            </method>
          </methods>
          <lines>
            <line number="6" hits="5" branch="false"/>
            <line number="11" hits="5" branch="false"/>
            <line number="12" hits="5" branch="false"/>
            <line number="14" hits="5" branch="false"/>
            <line number="15" hits="3" branch="false"/>
            <line number="18" hits="5" branch="false"/>
            <line number="19" hits="1" branch="false"/>
            <line number="20" hits="1" branch="false"/>
            <line number="21" hits="1" branch="false"/>
            <line number="22" hits="1" branch="false"/>
            <line number="23" hits="1" branch="false"/>
            <line number="25" hits="0" branch="false"/>
            <line number="29" hits="5" branch="false"/>
          </lines>
        </class>
      </classes>
    </package>
    <package name="services" line-rate="1" branch-rate="0.6774">
      <classes>
        <class name="api.js" filename="src\services\api.js" line-rate="1" branch-rate="0.6774">
          <methods>
            <method name="getProducts" hits="2" signature="()V">
              <lines>
                <line number="6" hits="2"/>
              </lines>
            </method>
            <method name="getProductById" hits="1" signature="()V">
              <lines>
                <line number="12" hits="1"/>
              </lines>
            </method>
            <method name="login" hits="1" signature="()V">
              <lines>
                <line number="20" hits="1"/>
              </lines>
            </method>
            <method name="register" hits="1" signature="()V">
              <lines>
                <line number="30" hits="1"/>
              </lines>
            </method>
            <method name="getProfile" hits="2" signature="()V">
              <lines>
                <line number="42" hits="2"/>
              </lines>
            </method>
            <method name="addToCart" hits="2" signature="()V">
              <lines>
                <line number="56" hits="2"/>
              </lines>
            </method>
            <method name="getCart" hits="2" signature="()V">
              <lines>
                <line number="75" hits="2"/>
              </lines>
            </method>
            <method name="removeFromCart" hits="1" signature="()V">
              <lines>
                <line number="89" hits="1"/>
              </lines>
            </method>
            <method name="clearCart" hits="1" signature="()V">
              <lines>
                <line number="108" hits="1"/>
              </lines>
            </method>
          </methods>
          <lines>
            <line number="2" hits="2" branch="true" condition-coverage="100% (2/2)"/>
            <line number="7" hits="2" branch="false"/>
            <line number="8" hits="2" branch="true" condition-coverage="100% (2/2)"/>
            <line number="9" hits="1" branch="false"/>
            <line number="13" hits="1" branch="false"/>
            <line number="14" hits="1" branch="true" condition-coverage="50% (1/2)"/>
            <line number="15" hits="1" branch="false"/>
            <line number="21" hits="1" branch="false"/>
            <line number="26" hits="1" branch="true" condition-coverage="50% (1/2)"/>
            <line number="27" hits="1" branch="false"/>
            <line number="31" hits="1" branch="false"/>
            <line number="36" hits="1" branch="true" condition-coverage="50% (1/2)"/>
            <line number="37" hits="1" branch="false"/>
            <line number="43" hits="2" branch="false"/>
            <line number="44" hits="2" branch="true" condition-coverage="100% (2/2)"/>
            <line number="46" hits="1" branch="false"/>
            <line number="50" hits="1" branch="true" condition-coverage="50% (1/2)"/>
            <line number="51" hits="1" branch="false"/>
            <line number="57" hits="2" branch="false"/>
            <line number="58" hits="2" branch="true" condition-coverage="50% (1/2)"/>
            <line number="60" hits="2" branch="false"/>
            <line number="69" hits="2" branch="true" condition-coverage="100% (2/2)"/>
            <line number="70" hits="1" branch="false"/>
            <line number="76" hits="2" branch="false"/>
            <line number="77" hits="2" branch="true" condition-coverage="50% (1/2)"/>
            <line number="79" hits="2" branch="false"/>
            <line number="83" hits="2" branch="true" condition-coverage="100% (2/2)"/>
            <line number="84" hits="1" branch="false"/>
            <line number="90" hits="1" branch="false"/>
            <line number="91" hits="1" branch="true" condition-coverage="50% (1/2)"/>
            <line number="93" hits="1" branch="false"/>
            <line number="102" hits="1" branch="true" condition-coverage="50% (1/2)"/>
            <line number="103" hits="1" branch="false"/>
            <line number="109" hits="1" branch="false"/>
            <line number="110" hits="1" branch="true" condition-coverage="50% (1/2)"/>
            <line number="112" hits="1" branch="false"/>
            <line number="117" hits="1" branch="true" condition-coverage="50% (1/2)"/>
            <line number="118" hits="1" branch="false"/>
          </lines>
        </class>
      </classes>
    </package>
    <package name="tests" line-rate="1" branch-rate="1">
      <classes>
        <class name="server.js" filename="src\tests\server.js" line-rate="1" branch-rate="1">
          <methods>
            <method name="(anonymous_0)" hits="2" signature="()V">
              <lines>
                <line number="9" hits="2"/>
              </lines>
            </method>
            <method name="(anonymous_1)" hits="2" signature="()V">
              <lines>
                <line number="15" hits="2"/>
              </lines>
            </method>
            <method name="(anonymous_2)" hits="4" signature="()V">
              <lines>
                <line number="18" hits="4"/>
              </lines>
            </method>
            <method name="(anonymous_3)" hits="2" signature="()V">
              <lines>
                <line number="25" hits="2"/>
              </lines>
            </method>
          </methods>
          <lines>
            <line number="5" hits="8" branch="true" condition-coverage="100% (2/2)"/>
            <line number="8" hits="8" branch="false"/>
            <line number="10" hits="2" branch="false"/>
            <line number="16" hits="2" branch="false"/>
            <line number="19" hits="4" branch="false"/>
            <line number="20" hits="2" branch="true" condition-coverage="100% (4/4)"/>
            <line number="21" hits="1" branch="false"/>
            <line number="23" hits="1" branch="false"/>
            <line number="26" hits="2" branch="false"/>
            <line number="31" hits="8" branch="false"/>
          </lines>
        </class>
      </classes>
    </package>
  </packages>
</coverage>
