{"C:\\Escritorio\\azure\\api_ecommerce\\frontend\\src\\components\\Navbar.jsx": {"path":"C:\\Escritorio\\azure\\api_ecommerce\\frontend\\src\\components\\Navbar.jsx","statementMap":{"0":{"start":{"line":7,"column":28},"end":{"line":7,"column":null}},"1":{"start":{"line":8,"column":22},"end":{"line":8,"column":null}},"2":{"start":{"line":9,"column":32},"end":{"line":9,"column":null}},"3":{"start":{"line":10,"column":8},"end":{"line":10,"column":null}},"4":{"start":{"line":12,"column":21},"end":{"line":25,"column":null}},"5":{"start":{"line":27,"column":2},"end":{"line":40,"column":null}},"6":{"start":{"line":29,"column":6},"end":{"line":37,"column":null}},"7":{"start":{"line":30,"column":25},"end":{"line":30,"column":null}},"8":{"start":{"line":31,"column":8},"end":{"line":31,"column":null}},"9":{"start":{"line":33,"column":25},"end":{"line":33,"column":null}},"10":{"start":{"line":34,"column":8},"end":{"line":34,"column":null}},"11":{"start":{"line":39,"column":4},"end":{"line":39,"column":null}},"12":{"start":{"line":42,"column":23},"end":{"line":46,"column":null}},"13":{"start":{"line":43,"column":4},"end":{"line":43,"column":null}},"14":{"start":{"line":44,"column":4},"end":{"line":44,"column":null}},"15":{"start":{"line":45,"column":4},"end":{"line":45,"column":null}},"16":{"start":{"line":48,"column":2},"end":{"line":144,"column":null}},"17":{"start":{"line":77,"column":12},"end":{"line":97,"column":null}},"18":{"start":{"line":79,"column":34},"end":{"line":79,"column":null}},"19":{"start":{"line":80,"column":34},"end":{"line":80,"column":null}},"20":{"start":{"line":87,"column":20},"end":{"line":93,"column":null}}},"fnMap":{"0":{"name":"Navbar","decl":{"start":{"line":6,"column":24},"end":{"line":6,"column":33}},"loc":{"start":{"line":6,"column":33},"end":{"line":146,"column":null}},"line":6},"1":{"name":"(anonymous_1)","decl":{"start":{"line":27,"column":12},"end":{"line":27,"column":18}},"loc":{"start":{"line":27,"column":18},"end":{"line":40,"column":5}},"line":27},"2":{"name":"loadData","decl":{"start":{"line":28,"column":19},"end":{"line":28,"column":30}},"loc":{"start":{"line":28,"column":30},"end":{"line":38,"column":null}},"line":28},"3":{"name":"(anonymous_3)","decl":{"start":{"line":42,"column":23},"end":{"line":42,"column":29}},"loc":{"start":{"line":42,"column":29},"end":{"line":46,"column":null}},"line":42},"4":{"name":"(anonymous_4)","decl":{"start":{"line":76,"column":26},"end":{"line":76,"column":27}},"loc":{"start":{"line":77,"column":12},"end":{"line":97,"column":null}},"line":77},"5":{"name":"(anonymous_5)","decl":{"start":{"line":79,"column":28},"end":{"line":79,"column":34}},"loc":{"start":{"line":79,"column":34},"end":{"line":79,"column":null}},"line":79},"6":{"name":"(anonymous_6)","decl":{"start":{"line":80,"column":28},"end":{"line":80,"column":34}},"loc":{"start":{"line":80,"column":34},"end":{"line":80,"column":null}},"line":80},"7":{"name":"(anonymous_7)","decl":{"start":{"line":86,"column":33},"end":{"line":86,"column":34}},"loc":{"start":{"line":87,"column":20},"end":{"line":93,"column":null}},"line":87}},"branchMap":{"0":{"loc":{"start":{"line":34,"column":21},"end":{"line":34,"column":48}},"type":"binary-expr","locations":[{"start":{"line":34,"column":21},"end":{"line":34,"column":47}},{"start":{"line":34,"column":47},"end":{"line":34,"column":48}}],"line":34},"1":{"loc":{"start":{"line":84,"column":15},"end":{"line":95,"column":null}},"type":"binary-expr","locations":[{"start":{"line":84,"column":15},"end":{"line":84,"column":null}},{"start":{"line":85,"column":16},"end":{"line":95,"column":null}}],"line":84},"2":{"loc":{"start":{"line":114,"column":11},"end":{"line":127,"column":null}},"type":"cond-expr","locations":[{"start":{"line":115,"column":12},"end":{"line":123,"column":null}},{"start":{"line":125,"column":12},"end":{"line":127,"column":null}}],"line":114},"3":{"loc":{"start":{"line":136,"column":13},"end":{"line":139,"column":null}},"type":"binary-expr","locations":[{"start":{"line":136,"column":13},"end":{"line":136,"column":null}},{"start":{"line":137,"column":14},"end":{"line":139,"column":null}}],"line":136}},"s":{"0":2,"1":2,"2":2,"3":2,"4":2,"5":2,"6":1,"7":1,"8":1,"9":1,"10":1,"11":1,"12":2,"13":0,"14":0,"15":0,"16":2,"17":6,"18":0,"19":0,"20":0},"f":{"0":2,"1":1,"2":1,"3":0,"4":6,"5":0,"6":0,"7":0},"b":{"0":[1,0],"1":[6,0],"2":[1,1],"3":[2,1]},"meta":{"lastBranch":4,"lastFunction":8,"lastStatement":21,"seen":{"f:6:24:6:33":0,"s:7:28:7:Infinity":0,"s:8:22:8:Infinity":1,"s:9:32:9:Infinity":2,"s:10:8:10:Infinity":3,"s:12:21:25:Infinity":4,"s:27:2:40:Infinity":5,"f:27:12:27:18":1,"f:28:19:28:30":2,"s:29:6:37:Infinity":6,"s:30:25:30:Infinity":7,"s:31:8:31:Infinity":8,"s:33:25:33:Infinity":9,"s:34:8:34:Infinity":10,"b:34:21:34:47:34:47:34:48":0,"s:39:4:39:Infinity":11,"s:42:23:46:Infinity":12,"f:42:23:42:29":3,"s:43:4:43:Infinity":13,"s:44:4:44:Infinity":14,"s:45:4:45:Infinity":15,"s:48:2:144:Infinity":16,"f:76:26:76:27":4,"s:77:12:97:Infinity":17,"f:79:28:79:34":5,"s:79:34:79:Infinity":18,"f:80:28:80:34":6,"s:80:34:80:Infinity":19,"b:84:15:84:Infinity:85:16:95:Infinity":1,"f:86:33:86:34":7,"s:87:20:93:Infinity":20,"b:115:12:123:Infinity:125:12:127:Infinity":2,"b:136:13:136:Infinity:137:14:139:Infinity":3}}}
,"C:\\Escritorio\\azure\\api_ecommerce\\frontend\\src\\components\\ProtectedRoute.jsx": {"path":"C:\\Escritorio\\azure\\api_ecommerce\\frontend\\src\\components\\ProtectedRoute.jsx","statementMap":{"0":{"start":{"line":4,"column":16},"end":{"line":4,"column":null}},"1":{"start":{"line":5,"column":2},"end":{"line":7,"column":null}},"2":{"start":{"line":6,"column":4},"end":{"line":6,"column":null}},"3":{"start":{"line":8,"column":2},"end":{"line":8,"column":null}}},"fnMap":{"0":{"name":"ProtectedRoute","decl":{"start":{"line":3,"column":24},"end":{"line":3,"column":39}},"loc":{"start":{"line":3,"column":53},"end":{"line":9,"column":null}},"line":3}},"branchMap":{"0":{"loc":{"start":{"line":5,"column":2},"end":{"line":7,"column":null}},"type":"if","locations":[{"start":{"line":5,"column":2},"end":{"line":7,"column":null}},{"start":{},"end":{}}],"line":5}},"s":{"0":1,"1":1,"2":1,"3":0},"f":{"0":1},"b":{"0":[1,0]},"meta":{"lastBranch":1,"lastFunction":1,"lastStatement":4,"seen":{"f:3:24:3:39":0,"s:4:16:4:Infinity":0,"b:5:2:7:Infinity:undefined:undefined:undefined:undefined":0,"s:5:2:7:Infinity":1,"s:6:4:6:Infinity":2,"s:8:2:8:Infinity":3}}}
,"C:\\Escritorio\\azure\\api_ecommerce\\frontend\\src\\pages\\Carrito.jsx": {"path":"C:\\Escritorio\\azure\\api_ecommerce\\frontend\\src\\pages\\Carrito.jsx","statementMap":{"0":{"start":{"line":6,"column":22},"end":{"line":6,"column":null}},"1":{"start":{"line":7,"column":28},"end":{"line":7,"column":null}},"2":{"start":{"line":8,"column":20},"end":{"line":8,"column":null}},"3":{"start":{"line":10,"column":2},"end":{"line":23,"column":null}},"4":{"start":{"line":12,"column":6},"end":{"line":20,"column":null}},"5":{"start":{"line":13,"column":21},"end":{"line":13,"column":null}},"6":{"start":{"line":14,"column":8},"end":{"line":14,"column":null}},"7":{"start":{"line":15,"column":8},"end":{"line":15,"column":null}},"8":{"start":{"line":17,"column":8},"end":{"line":17,"column":null}},"9":{"start":{"line":19,"column":8},"end":{"line":19,"column":null}},"10":{"start":{"line":22,"column":4},"end":{"line":22,"column":null}},"11":{"start":{"line":25,"column":23},"end":{"line":32,"column":null}},"12":{"start":{"line":26,"column":4},"end":{"line":31,"column":null}},"13":{"start":{"line":27,"column":6},"end":{"line":27,"column":null}},"14":{"start":{"line":28,"column":6},"end":{"line":28,"column":null}},"15":{"start":{"line":28,"column":36},"end":{"line":28,"column":58}},"16":{"start":{"line":30,"column":6},"end":{"line":30,"column":null}},"17":{"start":{"line":34,"column":22},"end":{"line":41,"column":null}},"18":{"start":{"line":35,"column":4},"end":{"line":40,"column":null}},"19":{"start":{"line":36,"column":6},"end":{"line":36,"column":null}},"20":{"start":{"line":37,"column":6},"end":{"line":37,"column":null}},"21":{"start":{"line":39,"column":6},"end":{"line":39,"column":null}},"22":{"start":{"line":43,"column":2},"end":{"line":43,"column":null}},"23":{"start":{"line":43,"column":15},"end":{"line":43,"column":null}},"24":{"start":{"line":45,"column":2},"end":{"line":55,"column":null}},"25":{"start":{"line":46,"column":4},"end":{"line":55,"column":null}},"26":{"start":{"line":58,"column":16},"end":{"line":61,"column":null}},"27":{"start":{"line":59,"column":19},"end":{"line":59,"column":null}},"28":{"start":{"line":63,"column":2},"end":{"line":113,"column":null}},"29":{"start":{"line":69,"column":10},"end":{"line":95,"column":null}},"30":{"start":{"line":90,"column":29},"end":{"line":90,"column":null}}},"fnMap":{"0":{"name":"Carrito","decl":{"start":{"line":5,"column":24},"end":{"line":5,"column":34}},"loc":{"start":{"line":5,"column":34},"end":{"line":115,"column":null}},"line":5},"1":{"name":"(anonymous_1)","decl":{"start":{"line":10,"column":12},"end":{"line":10,"column":18}},"loc":{"start":{"line":10,"column":18},"end":{"line":23,"column":5}},"line":10},"2":{"name":"loadCart","decl":{"start":{"line":11,"column":19},"end":{"line":11,"column":30}},"loc":{"start":{"line":11,"column":30},"end":{"line":21,"column":null}},"line":11},"3":{"name":"(anonymous_3)","decl":{"start":{"line":25,"column":23},"end":{"line":25,"column":30}},"loc":{"start":{"line":25,"column":37},"end":{"line":32,"column":null}},"line":25},"4":{"name":"(anonymous_4)","decl":{"start":{"line":28,"column":26},"end":{"line":28,"column":27}},"loc":{"start":{"line":28,"column":36},"end":{"line":28,"column":58}},"line":28},"5":{"name":"(anonymous_5)","decl":{"start":{"line":34,"column":22},"end":{"line":34,"column":34}},"loc":{"start":{"line":34,"column":34},"end":{"line":41,"column":null}},"line":34},"6":{"name":"(anonymous_6)","decl":{"start":{"line":59,"column":4},"end":{"line":59,"column":5}},"loc":{"start":{"line":59,"column":19},"end":{"line":59,"column":null}},"line":59},"7":{"name":"(anonymous_7)","decl":{"start":{"line":68,"column":18},"end":{"line":68,"column":19}},"loc":{"start":{"line":69,"column":10},"end":{"line":95,"column":null}},"line":69},"8":{"name":"(anonymous_8)","decl":{"start":{"line":90,"column":23},"end":{"line":90,"column":29}},"loc":{"start":{"line":90,"column":29},"end":{"line":90,"column":null}},"line":90}},"branchMap":{"0":{"loc":{"start":{"line":15,"column":16},"end":{"line":15,"column":32}},"type":"binary-expr","locations":[{"start":{"line":15,"column":16},"end":{"line":15,"column":30}},{"start":{"line":15,"column":30},"end":{"line":15,"column":32}}],"line":15},"1":{"loc":{"start":{"line":43,"column":2},"end":{"line":43,"column":null}},"type":"if","locations":[{"start":{"line":43,"column":2},"end":{"line":43,"column":null}},{"start":{},"end":{}}],"line":43},"2":{"loc":{"start":{"line":45,"column":2},"end":{"line":55,"column":null}},"type":"if","locations":[{"start":{"line":45,"column":2},"end":{"line":55,"column":null}},{"start":{},"end":{}}],"line":45},"3":{"loc":{"start":{"line":59,"column":26},"end":{"line":59,"column":55}},"type":"binary-expr","locations":[{"start":{"line":59,"column":26},"end":{"line":59,"column":49}},{"start":{"line":59,"column":49},"end":{"line":59,"column":55}}],"line":59},"4":{"loc":{"start":{"line":59,"column":55},"end":{"line":59,"column":null}},"type":"binary-expr","locations":[{"start":{"line":59,"column":55},"end":{"line":59,"column":72}},{"start":{"line":59,"column":72},"end":{"line":59,"column":null}}],"line":59},"5":{"loc":{"start":{"line":75,"column":21},"end":{"line":75,"column":null}},"type":"binary-expr","locations":[{"start":{"line":75,"column":21},"end":{"line":75,"column":48}},{"start":{"line":75,"column":48},"end":{"line":75,"column":null}}],"line":75},"6":{"loc":{"start":{"line":84,"column":44},"end":{"line":84,"column":null}},"type":"binary-expr","locations":[{"start":{"line":84,"column":44},"end":{"line":84,"column":61}},{"start":{"line":84,"column":61},"end":{"line":84,"column":null}}],"line":84},"7":{"loc":{"start":{"line":110,"column":7},"end":{"line":111,"column":null}},"type":"binary-expr","locations":[{"start":{"line":110,"column":7},"end":{"line":110,"column":null}},{"start":{"line":111,"column":8},"end":{"line":111,"column":null}}],"line":110}},"s":{"0":5,"1":5,"2":5,"3":5,"4":2,"5":2,"6":2,"7":2,"8":0,"9":2,"10":2,"11":5,"12":0,"13":0,"14":0,"15":0,"16":0,"17":5,"18":1,"19":1,"20":1,"21":0,"22":5,"23":2,"24":3,"25":3,"26":2,"27":2,"28":2,"29":2,"30":0},"f":{"0":5,"1":2,"2":2,"3":0,"4":0,"5":1,"6":2,"7":2,"8":0},"b":{"0":[2,0],"1":[2,3],"2":[1,2],"3":[2,0],"4":[2,0],"5":[2,2],"6":[2,0],"7":[2,0]},"meta":{"lastBranch":8,"lastFunction":9,"lastStatement":31,"seen":{"f:5:24:5:34":0,"s:6:22:6:Infinity":0,"s:7:28:7:Infinity":1,"s:8:20:8:Infinity":2,"s:10:2:23:Infinity":3,"f:10:12:10:18":1,"f:11:19:11:30":2,"s:12:6:20:Infinity":4,"s:13:21:13:Infinity":5,"s:14:8:14:Infinity":6,"s:15:8:15:Infinity":7,"b:15:16:15:30:15:30:15:32":0,"s:17:8:17:Infinity":8,"s:19:8:19:Infinity":9,"s:22:4:22:Infinity":10,"s:25:23:32:Infinity":11,"f:25:23:25:30":3,"s:26:4:31:Infinity":12,"s:27:6:27:Infinity":13,"s:28:6:28:Infinity":14,"f:28:26:28:27":4,"s:28:36:28:58":15,"s:30:6:30:Infinity":16,"s:34:22:41:Infinity":17,"f:34:22:34:34":5,"s:35:4:40:Infinity":18,"s:36:6:36:Infinity":19,"s:37:6:37:Infinity":20,"s:39:6:39:Infinity":21,"b:43:2:43:Infinity:undefined:undefined:undefined:undefined":1,"s:43:2:43:Infinity":22,"s:43:15:43:Infinity":23,"b:45:2:55:Infinity:undefined:undefined:undefined:undefined":2,"s:45:2:55:Infinity":24,"s:46:4:55:Infinity":25,"s:58:16:61:Infinity":26,"f:59:4:59:5":6,"s:59:19:59:Infinity":27,"b:59:26:59:49:59:49:59:55":3,"b:59:55:59:72:59:72:59:Infinity":4,"s:63:2:113:Infinity":28,"f:68:18:68:19":7,"s:69:10:95:Infinity":29,"b:75:21:75:48:75:48:75:Infinity":5,"b:84:44:84:61:84:61:84:Infinity":6,"f:90:23:90:29":8,"s:90:29:90:Infinity":30,"b:110:7:110:Infinity:111:8:111:Infinity":7}}}
,"C:\\Escritorio\\azure\\api_ecommerce\\frontend\\src\\pages\\Login.jsx": {"path":"C:\\Escritorio\\azure\\api_ecommerce\\frontend\\src\\pages\\Login.jsx","statementMap":{"0":{"start":{"line":6,"column":24},"end":{"line":6,"column":null}},"1":{"start":{"line":7,"column":30},"end":{"line":7,"column":null}},"2":{"start":{"line":8,"column":24},"end":{"line":8,"column":null}},"3":{"start":{"line":9,"column":8},"end":{"line":9,"column":null}},"4":{"start":{"line":11,"column":23},"end":{"line":21,"column":null}},"5":{"start":{"line":12,"column":4},"end":{"line":12,"column":null}},"6":{"start":{"line":13,"column":4},"end":{"line":13,"column":null}},"7":{"start":{"line":14,"column":4},"end":{"line":20,"column":null}},"8":{"start":{"line":15,"column":18},"end":{"line":15,"column":null}},"9":{"start":{"line":16,"column":6},"end":{"line":16,"column":null}},"10":{"start":{"line":17,"column":6},"end":{"line":17,"column":null}},"11":{"start":{"line":19,"column":6},"end":{"line":19,"column":null}},"12":{"start":{"line":23,"column":2},"end":{"line":65,"column":null}},"13":{"start":{"line":35,"column":27},"end":{"line":35,"column":null}},"14":{"start":{"line":44,"column":27},"end":{"line":44,"column":null}}},"fnMap":{"0":{"name":"Login","decl":{"start":{"line":5,"column":24},"end":{"line":5,"column":32}},"loc":{"start":{"line":5,"column":32},"end":{"line":67,"column":null}},"line":5},"1":{"name":"(anonymous_1)","decl":{"start":{"line":11,"column":23},"end":{"line":11,"column":30}},"loc":{"start":{"line":11,"column":36},"end":{"line":21,"column":null}},"line":11},"2":{"name":"(anonymous_2)","decl":{"start":{"line":35,"column":20},"end":{"line":35,"column":21}},"loc":{"start":{"line":35,"column":27},"end":{"line":35,"column":null}},"line":35},"3":{"name":"(anonymous_3)","decl":{"start":{"line":44,"column":20},"end":{"line":44,"column":21}},"loc":{"start":{"line":44,"column":27},"end":{"line":44,"column":null}},"line":44}},"branchMap":{"0":{"loc":{"start":{"line":49,"column":9},"end":{"line":49,"column":null}},"type":"binary-expr","locations":[{"start":{"line":49,"column":9},"end":{"line":49,"column":18}},{"start":{"line":49,"column":18},"end":{"line":49,"column":null}}],"line":49}},"s":{"0":10,"1":10,"2":10,"3":10,"4":10,"5":2,"6":2,"7":2,"8":2,"9":1,"10":1,"11":1,"12":10,"13":2,"14":2},"f":{"0":10,"1":2,"2":2,"3":2},"b":{"0":[10,1]},"meta":{"lastBranch":1,"lastFunction":4,"lastStatement":15,"seen":{"f:5:24:5:32":0,"s:6:24:6:Infinity":0,"s:7:30:7:Infinity":1,"s:8:24:8:Infinity":2,"s:9:8:9:Infinity":3,"s:11:23:21:Infinity":4,"f:11:23:11:30":1,"s:12:4:12:Infinity":5,"s:13:4:13:Infinity":6,"s:14:4:20:Infinity":7,"s:15:18:15:Infinity":8,"s:16:6:16:Infinity":9,"s:17:6:17:Infinity":10,"s:19:6:19:Infinity":11,"s:23:2:65:Infinity":12,"f:35:20:35:21":2,"s:35:27:35:Infinity":13,"f:44:20:44:21":3,"s:44:27:44:Infinity":14,"b:49:9:49:18:49:18:49:Infinity":0}}}
,"C:\\Escritorio\\azure\\api_ecommerce\\frontend\\src\\pages\\Productos.jsx": {"path":"C:\\Escritorio\\azure\\api_ecommerce\\frontend\\src\\pages\\Productos.jsx","statementMap":{"0":{"start":{"line":5,"column":32},"end":{"line":5,"column":null}},"1":{"start":{"line":6,"column":28},"end":{"line":6,"column":null}},"2":{"start":{"line":7,"column":20},"end":{"line":7,"column":null}},"3":{"start":{"line":9,"column":2},"end":{"line":21,"column":null}},"4":{"start":{"line":11,"column":6},"end":{"line":18,"column":null}},"5":{"start":{"line":12,"column":21},"end":{"line":12,"column":null}},"6":{"start":{"line":13,"column":8},"end":{"line":13,"column":null}},"7":{"start":{"line":15,"column":8},"end":{"line":15,"column":null}},"8":{"start":{"line":17,"column":8},"end":{"line":17,"column":null}},"9":{"start":{"line":20,"column":4},"end":{"line":20,"column":null}},"10":{"start":{"line":23,"column":26},"end":{"line":32,"column":null}},"11":{"start":{"line":24,"column":4},"end":{"line":31,"column":null}},"12":{"start":{"line":25,"column":6},"end":{"line":25,"column":null}},"13":{"start":{"line":26,"column":6},"end":{"line":26,"column":null}},"14":{"start":{"line":27,"column":6},"end":{"line":27,"column":null}},"15":{"start":{"line":27,"column":23},"end":{"line":27,"column":35}},"16":{"start":{"line":29,"column":6},"end":{"line":29,"column":null}},"17":{"start":{"line":30,"column":6},"end":{"line":30,"column":null}},"18":{"start":{"line":30,"column":23},"end":{"line":30,"column":35}},"19":{"start":{"line":34,"column":2},"end":{"line":34,"column":null}},"20":{"start":{"line":34,"column":15},"end":{"line":34,"column":null}},"21":{"start":{"line":36,"column":2},"end":{"line":65,"column":null}},"22":{"start":{"line":39,"column":8},"end":{"line":57,"column":null}},"23":{"start":{"line":52,"column":27},"end":{"line":52,"column":null}}},"fnMap":{"0":{"name":"Productos","decl":{"start":{"line":4,"column":24},"end":{"line":4,"column":36}},"loc":{"start":{"line":4,"column":36},"end":{"line":67,"column":null}},"line":4},"1":{"name":"(anonymous_1)","decl":{"start":{"line":9,"column":12},"end":{"line":9,"column":18}},"loc":{"start":{"line":9,"column":18},"end":{"line":21,"column":5}},"line":9},"2":{"name":"fetchData","decl":{"start":{"line":10,"column":19},"end":{"line":10,"column":31}},"loc":{"start":{"line":10,"column":31},"end":{"line":19,"column":null}},"line":10},"3":{"name":"(anonymous_3)","decl":{"start":{"line":23,"column":26},"end":{"line":23,"column":33}},"loc":{"start":{"line":23,"column":40},"end":{"line":32,"column":null}},"line":23},"4":{"name":"(anonymous_4)","decl":{"start":{"line":27,"column":17},"end":{"line":27,"column":23}},"loc":{"start":{"line":27,"column":23},"end":{"line":27,"column":35}},"line":27},"5":{"name":"(anonymous_5)","decl":{"start":{"line":30,"column":17},"end":{"line":30,"column":23}},"loc":{"start":{"line":30,"column":23},"end":{"line":30,"column":35}},"line":30},"6":{"name":"(anonymous_6)","decl":{"start":{"line":38,"column":21},"end":{"line":38,"column":22}},"loc":{"start":{"line":39,"column":8},"end":{"line":57,"column":null}},"line":39},"7":{"name":"(anonymous_7)","decl":{"start":{"line":52,"column":21},"end":{"line":52,"column":27}},"loc":{"start":{"line":52,"column":27},"end":{"line":52,"column":null}},"line":52}},"branchMap":{"0":{"loc":{"start":{"line":34,"column":2},"end":{"line":34,"column":null}},"type":"if","locations":[{"start":{"line":34,"column":2},"end":{"line":34,"column":null}},{"start":{},"end":{}}],"line":34},"1":{"loc":{"start":{"line":44,"column":17},"end":{"line":44,"column":null}},"type":"binary-expr","locations":[{"start":{"line":44,"column":17},"end":{"line":44,"column":32}},{"start":{"line":44,"column":32},"end":{"line":44,"column":null}}],"line":44},"2":{"loc":{"start":{"line":60,"column":7},"end":{"line":63,"column":null}},"type":"binary-expr","locations":[{"start":{"line":60,"column":7},"end":{"line":60,"column":null}},{"start":{"line":61,"column":8},"end":{"line":63,"column":null}}],"line":60}},"s":{"0":3,"1":3,"2":3,"3":3,"4":1,"5":1,"6":1,"7":0,"8":1,"9":1,"10":3,"11":1,"12":1,"13":1,"14":1,"15":0,"16":0,"17":0,"18":0,"19":3,"20":1,"21":2,"22":2,"23":1},"f":{"0":3,"1":1,"2":1,"3":1,"4":0,"5":0,"6":2,"7":1},"b":{"0":[1,2],"1":[2,0],"2":[2,1]},"meta":{"lastBranch":3,"lastFunction":8,"lastStatement":24,"seen":{"f:4:24:4:36":0,"s:5:32:5:Infinity":0,"s:6:28:6:Infinity":1,"s:7:20:7:Infinity":2,"s:9:2:21:Infinity":3,"f:9:12:9:18":1,"f:10:19:10:31":2,"s:11:6:18:Infinity":4,"s:12:21:12:Infinity":5,"s:13:8:13:Infinity":6,"s:15:8:15:Infinity":7,"s:17:8:17:Infinity":8,"s:20:4:20:Infinity":9,"s:23:26:32:Infinity":10,"f:23:26:23:33":3,"s:24:4:31:Infinity":11,"s:25:6:25:Infinity":12,"s:26:6:26:Infinity":13,"s:27:6:27:Infinity":14,"f:27:17:27:23":4,"s:27:23:27:35":15,"s:29:6:29:Infinity":16,"s:30:6:30:Infinity":17,"f:30:17:30:23":5,"s:30:23:30:35":18,"b:34:2:34:Infinity:undefined:undefined:undefined:undefined":0,"s:34:2:34:Infinity":19,"s:34:15:34:Infinity":20,"s:36:2:65:Infinity":21,"f:38:21:38:22":6,"s:39:8:57:Infinity":22,"b:44:17:44:32:44:32:44:Infinity":1,"f:52:21:52:27":7,"s:52:27:52:Infinity":23,"b:60:7:60:Infinity:61:8:63:Infinity":2}}}
,"C:\\Escritorio\\azure\\api_ecommerce\\frontend\\src\\pages\\Register.jsx": {"path":"C:\\Escritorio\\azure\\api_ecommerce\\frontend\\src\\pages\\Register.jsx","statementMap":{"0":{"start":{"line":6,"column":22},"end":{"line":10,"column":null}},"1":{"start":{"line":11,"column":24},"end":{"line":11,"column":null}},"2":{"start":{"line":12,"column":8},"end":{"line":12,"column":null}},"3":{"start":{"line":14,"column":23},"end":{"line":16,"column":null}},"4":{"start":{"line":15,"column":4},"end":{"line":15,"column":null}},"5":{"start":{"line":18,"column":23},"end":{"line":27,"column":null}},"6":{"start":{"line":19,"column":4},"end":{"line":19,"column":null}},"7":{"start":{"line":20,"column":4},"end":{"line":20,"column":null}},"8":{"start":{"line":21,"column":4},"end":{"line":26,"column":null}},"9":{"start":{"line":22,"column":6},"end":{"line":22,"column":null}},"10":{"start":{"line":23,"column":6},"end":{"line":23,"column":null}},"11":{"start":{"line":25,"column":6},"end":{"line":25,"column":null}},"12":{"start":{"line":29,"column":2},"end":{"line":83,"column":null}}},"fnMap":{"0":{"name":"Register","decl":{"start":{"line":5,"column":24},"end":{"line":5,"column":35}},"loc":{"start":{"line":5,"column":35},"end":{"line":85,"column":null}},"line":5},"1":{"name":"(anonymous_1)","decl":{"start":{"line":14,"column":23},"end":{"line":14,"column":24}},"loc":{"start":{"line":14,"column":30},"end":{"line":16,"column":null}},"line":14},"2":{"name":"(anonymous_2)","decl":{"start":{"line":18,"column":23},"end":{"line":18,"column":30}},"loc":{"start":{"line":18,"column":36},"end":{"line":27,"column":null}},"line":18}},"branchMap":{"0":{"loc":{"start":{"line":67,"column":9},"end":{"line":67,"column":null}},"type":"binary-expr","locations":[{"start":{"line":67,"column":9},"end":{"line":67,"column":18}},{"start":{"line":67,"column":18},"end":{"line":67,"column":null}}],"line":67}},"s":{"0":5,"1":5,"2":5,"3":5,"4":3,"5":5,"6":1,"7":1,"8":1,"9":1,"10":1,"11":0,"12":5},"f":{"0":5,"1":3,"2":1},"b":{"0":[5,0]},"meta":{"lastBranch":1,"lastFunction":3,"lastStatement":13,"seen":{"f:5:24:5:35":0,"s:6:22:10:Infinity":0,"s:11:24:11:Infinity":1,"s:12:8:12:Infinity":2,"s:14:23:16:Infinity":3,"f:14:23:14:24":1,"s:15:4:15:Infinity":4,"s:18:23:27:Infinity":5,"f:18:23:18:30":2,"s:19:4:19:Infinity":6,"s:20:4:20:Infinity":7,"s:21:4:26:Infinity":8,"s:22:6:22:Infinity":9,"s:23:6:23:Infinity":10,"s:25:6:25:Infinity":11,"s:29:2:83:Infinity":12,"b:67:9:67:18:67:18:67:Infinity":0}}}
,"C:\\Escritorio\\azure\\api_ecommerce\\frontend\\src\\services\\api.js": {"path":"C:\\Escritorio\\azure\\api_ecommerce\\frontend\\src\\services\\api.js","statementMap":{"0":{"start":{"line":3,"column":16},"end":{"line":3,"column":54}},"1":{"start":{"line":7,"column":14},"end":{"line":7,"column":52}},"2":{"start":{"line":8,"column":2},"end":{"line":8,"column":61}},"3":{"start":{"line":8,"column":15},"end":{"line":8,"column":61}},"4":{"start":{"line":9,"column":2},"end":{"line":9,"column":20}},"5":{"start":{"line":13,"column":14},"end":{"line":13,"column":58}},"6":{"start":{"line":14,"column":2},"end":{"line":14,"column":60}},"7":{"start":{"line":14,"column":15},"end":{"line":14,"column":60}},"8":{"start":{"line":15,"column":2},"end":{"line":15,"column":20}},"9":{"start":{"line":20,"column":14},"end":{"line":24,"column":4}},"10":{"start":{"line":25,"column":2},"end":{"line":25,"column":58}},"11":{"start":{"line":25,"column":15},"end":{"line":25,"column":58}},"12":{"start":{"line":26,"column":2},"end":{"line":26,"column":20}},"13":{"start":{"line":30,"column":14},"end":{"line":34,"column":4}},"14":{"start":{"line":35,"column":2},"end":{"line":35,"column":55}},"15":{"start":{"line":35,"column":15},"end":{"line":35,"column":55}},"16":{"start":{"line":36,"column":2},"end":{"line":36,"column":20}},"17":{"start":{"line":41,"column":16},"end":{"line":41,"column":45}},"18":{"start":{"line":42,"column":2},"end":{"line":42,"column":42}},"19":{"start":{"line":42,"column":14},"end":{"line":42,"column":42}},"20":{"start":{"line":44,"column":14},"end":{"line":46,"column":4}},"21":{"start":{"line":47,"column":2},"end":{"line":47,"column":58}},"22":{"start":{"line":47,"column":15},"end":{"line":47,"column":58}},"23":{"start":{"line":48,"column":2},"end":{"line":48,"column":20}},"24":{"start":{"line":55,"column":16},"end":{"line":55,"column":45}},"25":{"start":{"line":56,"column":2},"end":{"line":56,"column":42}},"26":{"start":{"line":56,"column":14},"end":{"line":56,"column":42}},"27":{"start":{"line":58,"column":14},"end":{"line":65,"column":4}},"28":{"start":{"line":67,"column":2},"end":{"line":67,"column":71}},"29":{"start":{"line":67,"column":15},"end":{"line":67,"column":71}},"30":{"start":{"line":68,"column":2},"end":{"line":68,"column":20}},"31":{"start":{"line":72,"column":16},"end":{"line":72,"column":45}},"32":{"start":{"line":73,"column":2},"end":{"line":73,"column":42}},"33":{"start":{"line":73,"column":14},"end":{"line":73,"column":42}},"34":{"start":{"line":75,"column":14},"end":{"line":77,"column":4}},"35":{"start":{"line":78,"column":2},"end":{"line":78,"column":59}},"36":{"start":{"line":78,"column":15},"end":{"line":78,"column":59}},"37":{"start":{"line":79,"column":2},"end":{"line":79,"column":20}},"38":{"start":{"line":84,"column":16},"end":{"line":84,"column":45}},"39":{"start":{"line":85,"column":2},"end":{"line":85,"column":42}},"40":{"start":{"line":85,"column":14},"end":{"line":85,"column":42}},"41":{"start":{"line":87,"column":14},"end":{"line":94,"column":4}},"42":{"start":{"line":96,"column":2},"end":{"line":96,"column":61}},"43":{"start":{"line":96,"column":15},"end":{"line":96,"column":61}},"44":{"start":{"line":97,"column":2},"end":{"line":97,"column":20}},"45":{"start":{"line":102,"column":16},"end":{"line":102,"column":45}},"46":{"start":{"line":103,"column":2},"end":{"line":103,"column":42}},"47":{"start":{"line":103,"column":14},"end":{"line":103,"column":42}},"48":{"start":{"line":105,"column":14},"end":{"line":108,"column":4}},"49":{"start":{"line":110,"column":2},"end":{"line":110,"column":58}},"50":{"start":{"line":110,"column":15},"end":{"line":110,"column":58}},"51":{"start":{"line":111,"column":2},"end":{"line":111,"column":20}}},"fnMap":{"0":{"name":"getProducts","decl":{"start":{"line":6,"column":22},"end":{"line":6,"column":33}},"loc":{"start":{"line":6,"column":36},"end":{"line":10,"column":1}},"line":6},"1":{"name":"getProductById","decl":{"start":{"line":12,"column":22},"end":{"line":12,"column":36}},"loc":{"start":{"line":12,"column":41},"end":{"line":16,"column":1}},"line":12},"2":{"name":"login","decl":{"start":{"line":19,"column":22},"end":{"line":19,"column":27}},"loc":{"start":{"line":19,"column":45},"end":{"line":27,"column":1}},"line":19},"3":{"name":"register","decl":{"start":{"line":29,"column":22},"end":{"line":29,"column":30}},"loc":{"start":{"line":29,"column":41},"end":{"line":37,"column":1}},"line":29},"4":{"name":"getProfile","decl":{"start":{"line":40,"column":22},"end":{"line":40,"column":32}},"loc":{"start":{"line":40,"column":35},"end":{"line":49,"column":1}},"line":40},"5":{"name":"addToCart","decl":{"start":{"line":54,"column":22},"end":{"line":54,"column":31}},"loc":{"start":{"line":54,"column":57},"end":{"line":69,"column":1}},"line":54},"6":{"name":"getCart","decl":{"start":{"line":71,"column":22},"end":{"line":71,"column":29}},"loc":{"start":{"line":71,"column":32},"end":{"line":80,"column":1}},"line":71},"7":{"name":"removeFromCart","decl":{"start":{"line":83,"column":22},"end":{"line":83,"column":36}},"loc":{"start":{"line":83,"column":48},"end":{"line":98,"column":1}},"line":83},"8":{"name":"clearCart","decl":{"start":{"line":101,"column":22},"end":{"line":101,"column":31}},"loc":{"start":{"line":101,"column":34},"end":{"line":112,"column":1}},"line":101}},"branchMap":{"0":{"loc":{"start":{"line":3,"column":16},"end":{"line":3,"column":54}},"type":"binary-expr","locations":[{"start":{"line":3,"column":16},"end":{"line":3,"column":44}},{"start":{"line":3,"column":48},"end":{"line":3,"column":54}}],"line":3},"1":{"loc":{"start":{"line":8,"column":2},"end":{"line":8,"column":61}},"type":"if","locations":[{"start":{"line":8,"column":2},"end":{"line":8,"column":61}},{"start":{},"end":{}}],"line":8},"2":{"loc":{"start":{"line":14,"column":2},"end":{"line":14,"column":60}},"type":"if","locations":[{"start":{"line":14,"column":2},"end":{"line":14,"column":60}},{"start":{},"end":{}}],"line":14},"3":{"loc":{"start":{"line":25,"column":2},"end":{"line":25,"column":58}},"type":"if","locations":[{"start":{"line":25,"column":2},"end":{"line":25,"column":58}},{"start":{},"end":{}}],"line":25},"4":{"loc":{"start":{"line":35,"column":2},"end":{"line":35,"column":55}},"type":"if","locations":[{"start":{"line":35,"column":2},"end":{"line":35,"column":55}},{"start":{},"end":{}}],"line":35},"5":{"loc":{"start":{"line":42,"column":2},"end":{"line":42,"column":42}},"type":"if","locations":[{"start":{"line":42,"column":2},"end":{"line":42,"column":42}},{"start":{},"end":{}}],"line":42},"6":{"loc":{"start":{"line":47,"column":2},"end":{"line":47,"column":58}},"type":"if","locations":[{"start":{"line":47,"column":2},"end":{"line":47,"column":58}},{"start":{},"end":{}}],"line":47},"7":{"loc":{"start":{"line":54,"column":43},"end":{"line":54,"column":55}},"type":"default-arg","locations":[{"start":{"line":54,"column":54},"end":{"line":54,"column":55}}],"line":54},"8":{"loc":{"start":{"line":56,"column":2},"end":{"line":56,"column":42}},"type":"if","locations":[{"start":{"line":56,"column":2},"end":{"line":56,"column":42}},{"start":{},"end":{}}],"line":56},"9":{"loc":{"start":{"line":67,"column":2},"end":{"line":67,"column":71}},"type":"if","locations":[{"start":{"line":67,"column":2},"end":{"line":67,"column":71}},{"start":{},"end":{}}],"line":67},"10":{"loc":{"start":{"line":73,"column":2},"end":{"line":73,"column":42}},"type":"if","locations":[{"start":{"line":73,"column":2},"end":{"line":73,"column":42}},{"start":{},"end":{}}],"line":73},"11":{"loc":{"start":{"line":78,"column":2},"end":{"line":78,"column":59}},"type":"if","locations":[{"start":{"line":78,"column":2},"end":{"line":78,"column":59}},{"start":{},"end":{}}],"line":78},"12":{"loc":{"start":{"line":85,"column":2},"end":{"line":85,"column":42}},"type":"if","locations":[{"start":{"line":85,"column":2},"end":{"line":85,"column":42}},{"start":{},"end":{}}],"line":85},"13":{"loc":{"start":{"line":96,"column":2},"end":{"line":96,"column":61}},"type":"if","locations":[{"start":{"line":96,"column":2},"end":{"line":96,"column":61}},{"start":{},"end":{}}],"line":96},"14":{"loc":{"start":{"line":103,"column":2},"end":{"line":103,"column":42}},"type":"if","locations":[{"start":{"line":103,"column":2},"end":{"line":103,"column":42}},{"start":{},"end":{}}],"line":103},"15":{"loc":{"start":{"line":110,"column":2},"end":{"line":110,"column":58}},"type":"if","locations":[{"start":{"line":110,"column":2},"end":{"line":110,"column":58}},{"start":{},"end":{}}],"line":110}},"s":{"0":1,"1":0,"2":0,"3":0,"4":0,"5":0,"6":0,"7":0,"8":0,"9":0,"10":0,"11":0,"12":0,"13":0,"14":0,"15":0,"16":0,"17":0,"18":0,"19":0,"20":0,"21":0,"22":0,"23":0,"24":0,"25":0,"26":0,"27":0,"28":0,"29":0,"30":0,"31":0,"32":0,"33":0,"34":0,"35":0,"36":0,"37":0,"38":0,"39":0,"40":0,"41":0,"42":0,"43":0,"44":0,"45":0,"46":0,"47":0,"48":0,"49":0,"50":0,"51":0},"f":{"0":0,"1":0,"2":0,"3":0,"4":0,"5":0,"6":0,"7":0,"8":0},"b":{"0":[1,1],"1":[0,0],"2":[0,0],"3":[0,0],"4":[0,0],"5":[0,0],"6":[0,0],"7":[0],"8":[0,0],"9":[0,0],"10":[0,0],"11":[0,0],"12":[0,0],"13":[0,0],"14":[0,0],"15":[0,0]},"meta":{"lastBranch":16,"lastFunction":9,"lastStatement":52,"seen":{"s:3:16:3:54":0,"b:3:16:3:44:3:48:3:54":0,"f:6:22:6:33":0,"s:7:14:7:52":1,"b:8:2:8:61:undefined:undefined:undefined:undefined":1,"s:8:2:8:61":2,"s:8:15:8:61":3,"s:9:2:9:20":4,"f:12:22:12:36":1,"s:13:14:13:58":5,"b:14:2:14:60:undefined:undefined:undefined:undefined":2,"s:14:2:14:60":6,"s:14:15:14:60":7,"s:15:2:15:20":8,"f:19:22:19:27":2,"s:20:14:24:4":9,"b:25:2:25:58:undefined:undefined:undefined:undefined":3,"s:25:2:25:58":10,"s:25:15:25:58":11,"s:26:2:26:20":12,"f:29:22:29:30":3,"s:30:14:34:4":13,"b:35:2:35:55:undefined:undefined:undefined:undefined":4,"s:35:2:35:55":14,"s:35:15:35:55":15,"s:36:2:36:20":16,"f:40:22:40:32":4,"s:41:16:41:45":17,"b:42:2:42:42:undefined:undefined:undefined:undefined":5,"s:42:2:42:42":18,"s:42:14:42:42":19,"s:44:14:46:4":20,"b:47:2:47:58:undefined:undefined:undefined:undefined":6,"s:47:2:47:58":21,"s:47:15:47:58":22,"s:48:2:48:20":23,"f:54:22:54:31":5,"b:54:54:54:55":7,"s:55:16:55:45":24,"b:56:2:56:42:undefined:undefined:undefined:undefined":8,"s:56:2:56:42":25,"s:56:14:56:42":26,"s:58:14:65:4":27,"b:67:2:67:71:undefined:undefined:undefined:undefined":9,"s:67:2:67:71":28,"s:67:15:67:71":29,"s:68:2:68:20":30,"f:71:22:71:29":6,"s:72:16:72:45":31,"b:73:2:73:42:undefined:undefined:undefined:undefined":10,"s:73:2:73:42":32,"s:73:14:73:42":33,"s:75:14:77:4":34,"b:78:2:78:59:undefined:undefined:undefined:undefined":11,"s:78:2:78:59":35,"s:78:15:78:59":36,"s:79:2:79:20":37,"f:83:22:83:36":7,"s:84:16:84:45":38,"b:85:2:85:42:undefined:undefined:undefined:undefined":12,"s:85:2:85:42":39,"s:85:14:85:42":40,"s:87:14:94:4":41,"b:96:2:96:61:undefined:undefined:undefined:undefined":13,"s:96:2:96:61":42,"s:96:15:96:61":43,"s:97:2:97:20":44,"f:101:22:101:31":8,"s:102:16:102:45":45,"b:103:2:103:42:undefined:undefined:undefined:undefined":14,"s:103:2:103:42":46,"s:103:14:103:42":47,"s:105:14:108:4":48,"b:110:2:110:58:undefined:undefined:undefined:undefined":15,"s:110:2:110:58":49,"s:110:15:110:58":50,"s:111:2:111:20":51}}}
,"C:\\Escritorio\\azure\\api_ecommerce\\frontend\\src\\tests\\server.js": {"path":"C:\\Escritorio\\azure\\api_ecommerce\\frontend\\src\\tests\\server.js","statementMap":{"0":{"start":{"line":5,"column":16},"end":{"line":5,"column":54}},"1":{"start":{"line":8,"column":24},"end":{"line":28,"column":1}},"2":{"start":{"line":10,"column":0},"end":{"line":13,"column":2}},"3":{"start":{"line":16,"column":0},"end":{"line":16,"column":112}},"4":{"start":{"line":19,"column":13},"end":{"line":19,"column":33}},"5":{"start":{"line":20,"column":0},"end":{"line":22,"column":1}},"6":{"start":{"line":21,"column":0},"end":{"line":21,"column":54}},"7":{"start":{"line":23,"column":0},"end":{"line":23,"column":57}},"8":{"start":{"line":26,"column":0},"end":{"line":26,"column":77}},"9":{"start":{"line":31,"column":21},"end":{"line":31,"column":46}}},"fnMap":{"0":{"name":"(anonymous_0)","decl":{"start":{"line":9,"column":36},"end":{"line":9,"column":37}},"loc":{"start":{"line":10,"column":0},"end":{"line":13,"column":2}},"line":10},"1":{"name":"(anonymous_1)","decl":{"start":{"line":15,"column":32},"end":{"line":15,"column":33}},"loc":{"start":{"line":16,"column":0},"end":{"line":16,"column":112}},"line":16},"2":{"name":"(anonymous_2)","decl":{"start":{"line":18,"column":34},"end":{"line":18,"column":39}},"loc":{"start":{"line":18,"column":57},"end":{"line":24,"column":1}},"line":18},"3":{"name":"(anonymous_3)","decl":{"start":{"line":25,"column":30},"end":{"line":25,"column":31}},"loc":{"start":{"line":26,"column":0},"end":{"line":26,"column":77}},"line":26}},"branchMap":{"0":{"loc":{"start":{"line":5,"column":16},"end":{"line":5,"column":54}},"type":"binary-expr","locations":[{"start":{"line":5,"column":16},"end":{"line":5,"column":44}},{"start":{"line":5,"column":48},"end":{"line":5,"column":54}}],"line":5},"1":{"loc":{"start":{"line":20,"column":0},"end":{"line":22,"column":1}},"type":"if","locations":[{"start":{"line":20,"column":0},"end":{"line":22,"column":1}},{"start":{},"end":{}}],"line":20},"2":{"loc":{"start":{"line":20,"column":4},"end":{"line":20,"column":62}},"type":"binary-expr","locations":[{"start":{"line":20,"column":4},"end":{"line":20,"column":34}},{"start":{"line":20,"column":38},"end":{"line":20,"column":62}}],"line":20}},"s":{"0":6,"1":6,"2":0,"3":0,"4":0,"5":0,"6":0,"7":0,"8":0,"9":6},"f":{"0":0,"1":0,"2":0,"3":0},"b":{"0":[6,6],"1":[0,0],"2":[0,0]},"meta":{"lastBranch":3,"lastFunction":4,"lastStatement":10,"seen":{"s:5:16:5:54":0,"b:5:16:5:44:5:48:5:54":0,"s:8:24:28:1":1,"f:9:36:9:37":0,"s:10:0:13:2":2,"f:15:32:15:33":1,"s:16:0:16:112":3,"f:18:34:18:39":2,"s:19:13:19:33":4,"b:20:0:22:1:undefined:undefined:undefined:undefined":1,"s:20:0:22:1":5,"b:20:4:20:34:20:38:20:62":2,"s:21:0:21:54":6,"s:23:0:23:57":7,"f:25:30:25:31":3,"s:26:0:26:77":8,"s:31:21:31:46":9}}}
}
