TN:
SF:src\components\Navbar.jsx
FN:6,Navbar
FN:18,(anonymous_1)
FN:19,loadData
FN:33,(anonymous_3)
FN:67,(anonymous_4)
FN:70,(anonymous_5)
FN:71,(anonymous_6)
FN:77,(anonymous_7)
FNF:8
FNH:4
FNDA:2,Navbar
FNDA:1,(anonymous_1)
FNDA:1,loadData
FNDA:0,(anonymous_3)
FNDA:6,(anonymous_4)
FNDA:0,(anonymous_5)
FNDA:0,(anonymous_6)
FNDA:0,(anonymous_7)
DA:7,2
DA:8,2
DA:9,2
DA:10,2
DA:12,2
DA:18,2
DA:20,1
DA:21,1
DA:22,1
DA:24,1
DA:25,1
DA:30,1
DA:33,2
DA:34,0
DA:35,0
DA:36,0
DA:39,2
DA:68,6
DA:70,0
DA:71,0
DA:78,0
LF:21
LH:15
BRDA:25,0,0,1
BRDA:25,0,1,0
BRDA:75,1,0,6
BRDA:75,1,1,0
BRDA:106,2,0,1
BRDA:106,2,1,1
BRDA:122,3,0,2
BRDA:122,3,1,1
BRF:8
BRH:6
end_of_record
TN:
SF:src\components\ProtectedRoute.jsx
FN:3,ProtectedRoute
FNF:1
FNH:1
FNDA:1,ProtectedRoute
DA:4,1
DA:5,1
DA:6,1
DA:8,0
LF:4
LH:3
BRDA:5,0,0,1
BRDA:5,0,1,0
BRF:2
BRH:1
end_of_record
TN:
SF:src\pages\Carrito.jsx
FN:5,Carrito
FN:10,(anonymous_1)
FN:11,loadCart
FN:25,(anonymous_3)
FN:28,(anonymous_4)
FN:34,(anonymous_5)
FN:59,(anonymous_6)
FN:68,(anonymous_7)
FN:90,(anonymous_8)
FNF:9
FNH:6
FNDA:5,Carrito
FNDA:2,(anonymous_1)
FNDA:2,loadCart
FNDA:0,(anonymous_3)
FNDA:0,(anonymous_4)
FNDA:1,(anonymous_5)
FNDA:2,(anonymous_6)
FNDA:2,(anonymous_7)
FNDA:0,(anonymous_8)
DA:6,5
DA:7,5
DA:8,5
DA:10,5
DA:12,2
DA:13,2
DA:14,2
DA:15,2
DA:17,0
DA:19,2
DA:22,2
DA:25,5
DA:26,0
DA:27,0
DA:28,0
DA:30,0
DA:34,5
DA:35,1
DA:36,1
DA:37,1
DA:39,0
DA:43,5
DA:45,3
DA:46,1
DA:58,2
DA:59,2
DA:63,2
DA:69,2
DA:90,0
LF:29
LH:22
BRDA:15,0,0,2
BRDA:15,0,1,0
BRDA:43,1,0,2
BRDA:43,1,1,3
BRDA:45,2,0,1
BRDA:45,2,1,2
BRDA:59,3,0,2
BRDA:59,3,1,0
BRDA:59,4,0,2
BRDA:59,4,1,0
BRDA:75,5,0,2
BRDA:75,5,1,2
BRDA:84,6,0,2
BRDA:84,6,1,0
BRDA:111,7,0,2
BRDA:111,7,1,0
BRF:16
BRH:11
end_of_record
TN:
SF:src\pages\Login.jsx
FN:5,Login
FN:11,(anonymous_1)
FN:35,(anonymous_2)
FN:44,(anonymous_3)
FNF:4
FNH:4
FNDA:10,Login
FNDA:2,(anonymous_1)
FNDA:2,(anonymous_2)
FNDA:2,(anonymous_3)
DA:6,10
DA:7,10
DA:8,10
DA:9,10
DA:11,10
DA:12,2
DA:13,2
DA:14,2
DA:15,2
DA:16,1
DA:17,1
DA:19,1
DA:23,10
DA:35,2
DA:44,2
LF:15
LH:15
BRDA:49,0,0,10
BRDA:49,0,1,1
BRF:2
BRH:2
end_of_record
TN:
SF:src\pages\Productos.jsx
FN:4,Productos
FN:9,(anonymous_1)
FN:10,fetchData
FN:23,(anonymous_3)
FN:27,(anonymous_4)
FN:30,(anonymous_5)
FN:38,(anonymous_6)
FN:52,(anonymous_7)
FNF:8
FNH:6
FNDA:3,Productos
FNDA:1,(anonymous_1)
FNDA:1,fetchData
FNDA:1,(anonymous_3)
FNDA:0,(anonymous_4)
FNDA:0,(anonymous_5)
FNDA:2,(anonymous_6)
FNDA:1,(anonymous_7)
DA:5,3
DA:6,3
DA:7,3
DA:9,3
DA:11,1
DA:12,1
DA:13,1
DA:15,0
DA:17,1
DA:20,1
DA:23,3
DA:24,1
DA:25,1
DA:26,1
DA:27,1
DA:29,0
DA:30,0
DA:34,3
DA:36,2
DA:39,2
DA:52,1
LF:21
LH:18
BRDA:34,0,0,1
BRDA:34,0,1,2
BRDA:44,1,0,2
BRDA:44,1,1,0
BRDA:60,2,0,2
BRDA:60,2,1,1
BRF:6
BRH:5
end_of_record
TN:
SF:src\pages\Register.jsx
FN:5,Register
FN:14,(anonymous_1)
FN:18,(anonymous_2)
FNF:3
FNH:3
FNDA:5,Register
FNDA:3,(anonymous_1)
FNDA:1,(anonymous_2)
DA:6,5
DA:11,5
DA:12,5
DA:14,5
DA:15,3
DA:18,5
DA:19,1
DA:20,1
DA:21,1
DA:22,1
DA:23,1
DA:25,0
DA:29,5
LF:13
LH:12
BRDA:67,0,0,5
BRDA:67,0,1,0
BRF:2
BRH:1
end_of_record
TN:
SF:src\services\api.js
FN:6,getProducts
FN:12,getProductById
FN:19,login
FN:29,register
FN:40,getProfile
FN:54,addToCart
FN:71,getCart
FN:83,removeFromCart
FN:101,clearCart
FNF:9
FNH:9
FNDA:2,getProducts
FNDA:1,getProductById
FNDA:1,login
FNDA:1,register
FNDA:2,getProfile
FNDA:2,addToCart
FNDA:2,getCart
FNDA:1,removeFromCart
FNDA:1,clearCart
DA:3,2
DA:7,2
DA:8,2
DA:9,1
DA:13,1
DA:14,1
DA:15,1
DA:20,1
DA:25,1
DA:26,1
DA:30,1
DA:35,1
DA:36,1
DA:41,2
DA:42,2
DA:44,1
DA:47,1
DA:48,1
DA:55,2
DA:56,2
DA:58,2
DA:67,2
DA:68,1
DA:72,2
DA:73,2
DA:75,2
DA:78,2
DA:79,1
DA:84,1
DA:85,1
DA:87,1
DA:96,1
DA:97,1
DA:102,1
DA:103,1
DA:105,1
DA:110,1
DA:111,1
LF:38
LH:38
BRDA:3,0,0,2
BRDA:3,0,1,2
BRDA:8,1,0,1
BRDA:8,1,1,1
BRDA:14,2,0,0
BRDA:14,2,1,1
BRDA:25,3,0,0
BRDA:25,3,1,1
BRDA:35,4,0,0
BRDA:35,4,1,1
BRDA:42,5,0,1
BRDA:42,5,1,1
BRDA:47,6,0,0
BRDA:47,6,1,1
BRDA:54,7,0,1
BRDA:56,8,0,0
BRDA:56,8,1,2
BRDA:67,9,0,1
BRDA:67,9,1,1
BRDA:73,10,0,0
BRDA:73,10,1,2
BRDA:78,11,0,1
BRDA:78,11,1,1
BRDA:85,12,0,0
BRDA:85,12,1,1
BRDA:96,13,0,0
BRDA:96,13,1,1
BRDA:103,14,0,0
BRDA:103,14,1,1
BRDA:110,15,0,0
BRDA:110,15,1,1
BRF:31
BRH:21
end_of_record
TN:
SF:src\tests\server.js
FN:9,(anonymous_0)
FN:15,(anonymous_1)
FN:18,(anonymous_2)
FN:25,(anonymous_3)
FNF:4
FNH:4
FNDA:2,(anonymous_0)
FNDA:2,(anonymous_1)
FNDA:4,(anonymous_2)
FNDA:2,(anonymous_3)
DA:5,8
DA:8,8
DA:10,2
DA:16,2
DA:19,4
DA:20,2
DA:21,1
DA:23,1
DA:26,2
DA:31,8
LF:10
LH:10
BRDA:5,0,0,8
BRDA:5,0,1,8
BRDA:20,1,0,1
BRDA:20,1,1,1
BRDA:20,2,0,2
BRDA:20,2,1,1
BRF:6
BRH:6
end_of_record
