<?xml version="1.0" encoding="UTF-8" ?>
<testsuites name="vitest tests" tests="8" failures="0" errors="0" time="0.7174397">
    <testsuite name="src/tests/Carrito.test.jsx" timestamp="2025-11-07T13:51:39.351Z" hostname="LAPTOP-3HFPQINV" tests="2" failures="0" errors="0" skipped="0" time="0.1169093">
        <testcase classname="src/tests/Carrito.test.jsx" name="Carrito &gt; renderiza carrito y calcula total" time="0.0787506">
            <system-out>
🛒 Respuesta del backend: { items: [ { id: [33m1[39m, product_id: [33m1[39m, quantity: [33m2[39m, product: [36m[Object][39m } ] }

            </system-out>
        </testcase>
        <testcase classname="src/tests/Carrito.test.jsx" name="Carrito &gt; permite vaciar el carrito" time="0.0318097">
            <system-out>
🛒 Respuesta del backend: { items: [ { id: [33m1[39m, product_id: [33m1[39m, quantity: [33m2[39m, product: [36m[Object][39m } ] }

            </system-out>
        </testcase>
    </testsuite>
    <testsuite name="src/tests/Login.test.jsx" timestamp="2025-11-07T13:51:39.354Z" hostname="LAPTOP-3HFPQINV" tests="2" failures="0" errors="0" skipped="0" time="0.1329486">
        <testcase classname="src/tests/Login.test.jsx" name="login exitoso guarda token y redirige" time="0.0972306">
        </testcase>
        <testcase classname="src/tests/Login.test.jsx" name="muestra error si las credenciales son inválidas" time="0.0307393">
        </testcase>
    </testsuite>
    <testsuite name="src/tests/Navbar.test.jsx" timestamp="2025-11-07T13:51:39.355Z" hostname="LAPTOP-3HFPQINV" tests="1" failures="0" errors="0" skipped="0" time="0.1577859">
        <testcase classname="src/tests/Navbar.test.jsx" name="Navbar &gt; muestra nombre del usuario y cantidad del carrito" time="0.1530451">
        </testcase>
    </testsuite>
    <testsuite name="src/tests/Productos.test.jsx" timestamp="2025-11-07T13:51:39.355Z" hostname="LAPTOP-3HFPQINV" tests="1" failures="0" errors="0" skipped="0" time="0.0905926">
        <testcase classname="src/tests/Productos.test.jsx" name="renderiza productos y permite agregar al carrito" time="0.0848393">
        </testcase>
    </testsuite>
    <testsuite name="src/tests/ProtectedRoute.test.jsx" timestamp="2025-11-07T13:51:39.356Z" hostname="LAPTOP-3HFPQINV" tests="1" failures="0" errors="0" skipped="0" time="0.0578042">
        <testcase classname="src/tests/ProtectedRoute.test.jsx" name="redirige al login si no hay token" time="0.053157">
        </testcase>
    </testsuite>
    <testsuite name="src/tests/Register.test.jsx" timestamp="2025-11-07T13:51:39.356Z" hostname="LAPTOP-3HFPQINV" tests="1" failures="0" errors="0" skipped="0" time="0.1613991">
        <testcase classname="src/tests/Register.test.jsx" name="Register &gt; envía el formulario y navega a /login" time="0.1554941">
        </testcase>
    </testsuite>
</testsuites>
