<?xml version="1.0" encoding="UTF-8"?>
<testsuites name="Mocha Tests" time="1.472" tests="1" failures="1">
  <testsuite name="Root Suite" timestamp="2025-12-04T20:05:52" tests="0" file="cypress\e2e\cart-update.cy.js" time="0.000" failures="0">
  </testsuite>
  <testsuite name="Carrito - Actualizar cantidad (home -&gt; /products -&gt; carrito)" timestamp="2025-12-04T20:05:52" tests="1" time="1.469" failures="1">
    <testcase name="Carrito - Actualizar cantidad (home -&gt; /products -&gt; carrito) agrega otra unidad del mismo producto y el total aumenta" time="0.000" classname="agrega otra unidad del mismo producto y el total aumenta">
      <failure message="The following error originated from your application code, not from Cypress.

  &gt; Unexpected token &apos;&lt;&apos;

When Cypress detects uncaught errors originating from your application it will automatically fail the current test.

This behavior is configurable, and you can choose to turn this off by listening to the `uncaught:exception` event.

https://on.cypress.io/uncaught-exception-from-application" type="SyntaxError"><![CDATA[SyntaxError: The following error originated from your application code, not from Cypress.

  > Unexpected token '<'

When Cypress detects uncaught errors originating from your application it will automatically fail the current test.

This behavior is configurable, and you can choose to turn this off by listening to the `uncaught:exception` event.

https://on.cypress.io/uncaught-exception-from-application]]></failure>
    </testcase>
  </testsuite>
</testsuites>