<?xml version="1.0" encoding="UTF-8"?>
<testsuites name="Mocha Tests" time="1.804" tests="1" failures="1">
  <testsuite name="Root Suite" timestamp="2025-12-04T19:23:26" tests="0" file="cypress\e2e\error-handing.cy.js" time="0.000" failures="0">
  </testsuite>
  <testsuite name="Carrito - Manejo de errores sin token" timestamp="2025-12-04T19:23:26" tests="1" time="1.802" failures="1">
    <testcase name="Carrito - Manejo de errores sin token desde Home abre Carrito por SPA y muestra mensaje o carrito vacío" time="0.000" classname="desde Home abre Carrito por SPA y muestra mensaje o carrito vacío">
      <failure message="The following error originated from your application code, not from Cypress.

  &gt; Unexpected token &apos;&lt;&apos;

When Cypress detects uncaught errors originating from your application it will automatically fail the current test.

This behavior is configurable, and you can choose to turn this off by listening to the `uncaught:exception` event.

https://on.cypress.io/uncaught-exception-from-application" type="SyntaxError"><![CDATA[SyntaxError: The following error originated from your application code, not from Cypress.

  > Unexpected token '<'

When Cypress detects uncaught errors originating from your application it will automatically fail the current test.

This behavior is configurable, and you can choose to turn this off by listening to the `uncaught:exception` event.

https://on.cypress.io/uncaught-exception-from-application]]></failure>
    </testcase>
  </testsuite>
</testsuites>