<?xml version="1.0" encoding="UTF-8"?>
<testsuites name="Mocha Tests" time="3.233" tests="1" failures="1">
  <testsuite name="Root Suite" timestamp="2025-12-04T20:05:46" tests="0" file="cypress\e2e\cart-create.cy.js" time="0.000" failures="0">
  </testsuite>
  <testsuite name="Carrito - Crear ítem (via Ver Catálogo)" timestamp="2025-12-04T20:05:46" tests="1" time="3.232" failures="1">
    <testcase name="Carrito - Crear ítem (via Ver Catálogo) &quot;before each&quot; hook for &quot;abre catálogo y agrega un producto al carrito&quot;" time="0.000" classname="&quot;before each&quot; hook for &quot;abre catálogo y agrega un producto al carrito&quot;">
      <failure message="The following error originated from your application code, not from Cypress.

  &gt; Unexpected token &apos;&lt;&apos;

When Cypress detects uncaught errors originating from your application it will automatically fail the current test.

This behavior is configurable, and you can choose to turn this off by listening to the `uncaught:exception` event.

https://on.cypress.io/uncaught-exception-from-application

Because this error occurred during a `before each` hook we are skipping the remaining tests in the current suite: `Carrito - Crear ítem (via V...`" type="SyntaxError"><![CDATA[SyntaxError: The following error originated from your application code, not from Cypress.

  > Unexpected token '<'

When Cypress detects uncaught errors originating from your application it will automatically fail the current test.

This behavior is configurable, and you can choose to turn this off by listening to the `uncaught:exception` event.

https://on.cypress.io/uncaught-exception-from-application

Because this error occurred during a `before each` hook we are skipping the remaining tests in the current suite: `Carrito - Crear ítem (via V...`]]></failure>
    </testcase>
  </testsuite>
</testsuites>